{"C:\\Users\\srinadh\\OneDrive\\Desktop\\real-time-messaging\\server\\socket.js": {"path":"C:\\Users\\srinadh\\OneDrive\\Desktop\\real-time-messaging\\server\\socket.js","statementMap":{"0":{"start":{"line":1,"column":13},"end":{"line":1,"column":37}},"1":{"start":{"line":2,"column":16},"end":{"line":2,"column":44}},"2":{"start":{"line":3,"column":13},"end":{"line":3,"column":37}},"3":{"start":{"line":5,"column":23},"end":{"line":5,"column":25}},"4":{"start":{"line":7,"column":0},"end":{"line":141,"column":2}},"5":{"start":{"line":8,"column":2},"end":{"line":140,"column":5}},"6":{"start":{"line":9,"column":4},"end":{"line":9,"column":48}},"7":{"start":{"line":12,"column":4},"end":{"line":20,"column":7}},"8":{"start":{"line":13,"column":6},"end":{"line":19,"column":7}},"9":{"start":{"line":14,"column":22},"end":{"line":14,"column":41}},"10":{"start":{"line":15,"column":26},"end":{"line":15,"column":60}},"11":{"start":{"line":15,"column":46},"end":{"line":15,"column":59}},"12":{"start":{"line":16,"column":8},"end":{"line":16,"column":47}},"13":{"start":{"line":18,"column":8},"end":{"line":18,"column":59}},"14":{"start":{"line":23,"column":4},"end":{"line":36,"column":7}},"15":{"start":{"line":24,"column":6},"end":{"line":35,"column":7}},"16":{"start":{"line":25,"column":23},"end":{"line":25,"column":55}},"17":{"start":{"line":26,"column":8},"end":{"line":32,"column":9}},"18":{"start":{"line":27,"column":10},"end":{"line":27,"column":42}},"19":{"start":{"line":28,"column":10},"end":{"line":28,"column":44}},"20":{"start":{"line":29,"column":10},"end":{"line":29,"column":51}},"21":{"start":{"line":31,"column":10},"end":{"line":31,"column":60}},"22":{"start":{"line":34,"column":8},"end":{"line":34,"column":51}},"23":{"start":{"line":39,"column":4},"end":{"line":52,"column":7}},"24":{"start":{"line":40,"column":6},"end":{"line":51,"column":7}},"25":{"start":{"line":41,"column":21},"end":{"line":41,"column":53}},"26":{"start":{"line":42,"column":8},"end":{"line":48,"column":9}},"27":{"start":{"line":43,"column":10},"end":{"line":43,"column":32}},"28":{"start":{"line":44,"column":10},"end":{"line":44,"column":47}},"29":{"start":{"line":45,"column":10},"end":{"line":45,"column":62}},"30":{"start":{"line":47,"column":10},"end":{"line":47,"column":45}},"31":{"start":{"line":50,"column":8},"end":{"line":50,"column":50}},"32":{"start":{"line":56,"column":4},"end":{"line":91,"column":7}},"33":{"start":{"line":57,"column":6},"end":{"line":90,"column":7}},"34":{"start":{"line":58,"column":42},"end":{"line":58,"column":46}},"35":{"start":{"line":59,"column":8},"end":{"line":59,"column":26}},"36":{"start":{"line":61,"column":24},"end":{"line":61,"column":62}},"37":{"start":{"line":62,"column":8},"end":{"line":65,"column":9}},"38":{"start":{"line":63,"column":10},"end":{"line":63,"column":47}},"39":{"start":{"line":64,"column":10},"end":{"line":64,"column":62}},"40":{"start":{"line":68,"column":24},"end":{"line":68,"column":61}},"41":{"start":{"line":69,"column":8},"end":{"line":71,"column":9}},"42":{"start":{"line":70,"column":10},"end":{"line":70,"column":62}},"43":{"start":{"line":74,"column":27},"end":{"line":78,"column":10}},"44":{"start":{"line":80,"column":8},"end":{"line":80,"column":32}},"45":{"start":{"line":83,"column":8},"end":{"line":87,"column":11}},"46":{"start":{"line":89,"column":8},"end":{"line":89,"column":52}},"47":{"start":{"line":94,"column":4},"end":{"line":106,"column":7}},"48":{"start":{"line":95,"column":6},"end":{"line":105,"column":7}},"49":{"start":{"line":96,"column":21},"end":{"line":96,"column":53}},"50":{"start":{"line":97,"column":8},"end":{"line":97,"column":26}},"51":{"start":{"line":97,"column":19},"end":{"line":97,"column":26}},"52":{"start":{"line":99,"column":25},"end":{"line":101,"column":33}},"53":{"start":{"line":102,"column":8},"end":{"line":102,"column":51}},"54":{"start":{"line":104,"column":8},"end":{"line":104,"column":54}},"55":{"start":{"line":108,"column":4},"end":{"line":139,"column":7}},"56":{"start":{"line":109,"column":23},"end":{"line":109,"column":48}},"57":{"start":{"line":110,"column":6},"end":{"line":110,"column":39}},"58":{"start":{"line":112,"column":6},"end":{"line":136,"column":7}},"59":{"start":{"line":113,"column":8},"end":{"line":135,"column":9}},"60":{"start":{"line":114,"column":30},"end":{"line":114,"column":66}},"61":{"start":{"line":116,"column":10},"end":{"line":132,"column":11}},"62":{"start":{"line":118,"column":25},"end":{"line":118,"column":57}},"63":{"start":{"line":120,"column":12},"end":{"line":131,"column":13}},"64":{"start":{"line":121,"column":29},"end":{"line":121,"column":37}},"65":{"start":{"line":124,"column":14},"end":{"line":124,"column":51}},"66":{"start":{"line":127,"column":14},"end":{"line":127,"column":52}},"67":{"start":{"line":129,"column":14},"end":{"line":129,"column":48}},"68":{"start":{"line":130,"column":14},"end":{"line":130,"column":80}},"69":{"start":{"line":134,"column":10},"end":{"line":134,"column":59}},"70":{"start":{"line":138,"column":6},"end":{"line":138,"column":53}}},"fnMap":{"0":{"name":"(anonymous_0)","decl":{"start":{"line":7,"column":17},"end":{"line":7,"column":18}},"loc":{"start":{"line":7,"column":31},"end":{"line":141,"column":1}},"line":7},"1":{"name":"(anonymous_1)","decl":{"start":{"line":8,"column":22},"end":{"line":8,"column":23}},"loc":{"start":{"line":8,"column":34},"end":{"line":140,"column":3}},"line":8},"2":{"name":"(anonymous_2)","decl":{"start":{"line":12,"column":34},"end":{"line":12,"column":35}},"loc":{"start":{"line":12,"column":46},"end":{"line":20,"column":5}},"line":12},"3":{"name":"(anonymous_3)","decl":{"start":{"line":15,"column":36},"end":{"line":15,"column":37}},"loc":{"start":{"line":15,"column":46},"end":{"line":15,"column":59}},"line":15},"4":{"name":"(anonymous_4)","decl":{"start":{"line":23,"column":29},"end":{"line":23,"column":30}},"loc":{"start":{"line":23,"column":49},"end":{"line":36,"column":5}},"line":23},"5":{"name":"(anonymous_5)","decl":{"start":{"line":39,"column":27},"end":{"line":39,"column":28}},"loc":{"start":{"line":39,"column":47},"end":{"line":52,"column":5}},"line":39},"6":{"name":"(anonymous_6)","decl":{"start":{"line":56,"column":30},"end":{"line":56,"column":31}},"loc":{"start":{"line":56,"column":46},"end":{"line":91,"column":5}},"line":56},"7":{"name":"(anonymous_7)","decl":{"start":{"line":94,"column":30},"end":{"line":94,"column":31}},"loc":{"start":{"line":94,"column":50},"end":{"line":106,"column":5}},"line":94},"8":{"name":"(anonymous_8)","decl":{"start":{"line":108,"column":28},"end":{"line":108,"column":29}},"loc":{"start":{"line":108,"column":40},"end":{"line":139,"column":5}},"line":108}},"branchMap":{"0":{"loc":{"start":{"line":26,"column":8},"end":{"line":32,"column":9}},"type":"if","locations":[{"start":{"line":26,"column":8},"end":{"line":32,"column":9}},{"start":{"line":30,"column":15},"end":{"line":32,"column":9}}],"line":26},"1":{"loc":{"start":{"line":42,"column":8},"end":{"line":48,"column":9}},"type":"if","locations":[{"start":{"line":42,"column":8},"end":{"line":48,"column":9}},{"start":{"line":46,"column":15},"end":{"line":48,"column":9}}],"line":42},"2":{"loc":{"start":{"line":62,"column":8},"end":{"line":65,"column":9}},"type":"if","locations":[{"start":{"line":62,"column":8},"end":{"line":65,"column":9}},{"start":{},"end":{}}],"line":62},"3":{"loc":{"start":{"line":69,"column":8},"end":{"line":71,"column":9}},"type":"if","locations":[{"start":{"line":69,"column":8},"end":{"line":71,"column":9}},{"start":{},"end":{}}],"line":69},"4":{"loc":{"start":{"line":97,"column":8},"end":{"line":97,"column":26}},"type":"if","locations":[{"start":{"line":97,"column":8},"end":{"line":97,"column":26}},{"start":{},"end":{}}],"line":97},"5":{"loc":{"start":{"line":112,"column":6},"end":{"line":136,"column":7}},"type":"if","locations":[{"start":{"line":112,"column":6},"end":{"line":136,"column":7}},{"start":{},"end":{}}],"line":112},"6":{"loc":{"start":{"line":116,"column":10},"end":{"line":132,"column":11}},"type":"if","locations":[{"start":{"line":116,"column":10},"end":{"line":132,"column":11}},{"start":{},"end":{}}],"line":116},"7":{"loc":{"start":{"line":120,"column":12},"end":{"line":131,"column":13}},"type":"if","locations":[{"start":{"line":120,"column":12},"end":{"line":131,"column":13}},{"start":{},"end":{}}],"line":120}},"s":{"0":1,"1":1,"2":1,"3":1,"4":1,"5":1,"6":1,"7":1,"8":0,"9":0,"10":0,"11":0,"12":0,"13":0,"14":1,"15":0,"16":0,"17":0,"18":0,"19":0,"20":0,"21":0,"22":0,"23":1,"24":0,"25":0,"26":0,"27":0,"28":0,"29":0,"30":0,"31":0,"32":1,"33":0,"34":0,"35":0,"36":0,"37":0,"38":0,"39":0,"40":0,"41":0,"42":0,"43":0,"44":0,"45":0,"46":0,"47":1,"48":0,"49":0,"50":0,"51":0,"52":0,"53":0,"54":0,"55":1,"56":1,"57":1,"58":1,"59":0,"60":0,"61":0,"62":0,"63":0,"64":0,"65":0,"66":0,"67":0,"68":0,"69":0,"70":1},"f":{"0":1,"1":1,"2":0,"3":0,"4":0,"5":0,"6":0,"7":0,"8":1},"b":{"0":[0,0],"1":[0,0],"2":[0,0],"3":[0,0],"4":[0,0],"5":[0,1],"6":[0,0],"7":[0,0]},"_coverageSchema":"1a1c01bbd47fc00a2c39e90264f33305004495a9","hash":"6774159ff489ba0c172b272ce0d72af3d6f92682"}
,"C:\\Users\\srinadh\\OneDrive\\Desktop\\real-time-messaging\\server\\models\\messages.js": {"path":"C:\\Users\\srinadh\\OneDrive\\Desktop\\real-time-messaging\\server\\models\\messages.js","statementMap":{"0":{"start":{"line":1,"column":26},"end":{"line":1,"column":45}},"1":{"start":{"line":2,"column":13},"end":{"line":2,"column":30}},"2":{"start":{"line":3,"column":13},"end":{"line":3,"column":30}},"3":{"start":{"line":5,"column":22},"end":{"line":24,"column":2}},"4":{"start":{"line":26,"column":0},"end":{"line":26,"column":49}}},"fnMap":{},"branchMap":{},"s":{"0":1,"1":1,"2":1,"3":1,"4":1},"f":{},"b":{},"_coverageSchema":"1a1c01bbd47fc00a2c39e90264f33305004495a9","hash":"aa655f4e65b56105aacdd7841532e7be73c5dc13"}
,"C:\\Users\\srinadh\\OneDrive\\Desktop\\real-time-messaging\\server\\models\\room.js": {"path":"C:\\Users\\srinadh\\OneDrive\\Desktop\\real-time-messaging\\server\\models\\room.js","statementMap":{"0":{"start":{"line":1,"column":34},"end":{"line":1,"column":53}},"1":{"start":{"line":3,"column":19},"end":{"line":10,"column":2}},"2":{"start":{"line":12,"column":0},"end":{"line":12,"column":58}}},"fnMap":{},"branchMap":{"0":{"loc":{"start":{"line":12,"column":17},"end":{"line":12,"column":57}},"type":"binary-expr","locations":[{"start":{"line":12,"column":17},"end":{"line":12,"column":28}},{"start":{"line":12,"column":32},"end":{"line":12,"column":57}}],"line":12}},"s":{"0":1,"1":1,"2":1},"f":{},"b":{"0":[1,1]},"_coverageSchema":"1a1c01bbd47fc00a2c39e90264f33305004495a9","hash":"5b2d3bac0f7bf1da52fda82277fe8d5e23b56442"}
,"C:\\Users\\srinadh\\OneDrive\\Desktop\\real-time-messaging\\server\\models\\user.js": {"path":"C:\\Users\\srinadh\\OneDrive\\Desktop\\real-time-messaging\\server\\models\\user.js","statementMap":{"0":{"start":{"line":1,"column":26},"end":{"line":1,"column":45}},"1":{"start":{"line":3,"column":19},"end":{"line":18,"column":2}},"2":{"start":{"line":20,"column":0},"end":{"line":20,"column":43}}},"fnMap":{},"branchMap":{},"s":{"0":1,"1":1,"2":1},"f":{},"b":{},"_coverageSchema":"1a1c01bbd47fc00a2c39e90264f33305004495a9","hash":"65e4e2469c9fb9fa0642ceb8a063b42cc0182d95"}
}
